<?xml version="1.0" encoding="UTF-8"?>
<!-- Generated by org.testng.reporters.JUnitXMLReporter -->
<testsuite ignored="6" hostname="Somashekars-iMac.local" failures="0" tests="7" name="Surefire test" time="0.372" errors="0" timestamp="2024-03-24T09:45:57 IST">
  <testcase classname="com.nucot.qa.hrm.pagetests.BaseTest" name="@BeforeTest setUp" time="0.018">
    <failure type="java.lang.NullPointerException" message="Cannot invoke &amp;quot;String.trim()&amp;quot; because the return value of &amp;quot;java.util.Properties.getProperty(String)&amp;quot; is null">
      <![CDATA[java.lang.NullPointerException: Cannot invoke "String.trim()" because the return value of "java.util.Properties.getProperty(String)" is null
at com.nucot.qa.hrm.driverfactory.DriverFactory.initDriver(DriverFactory.java:26)
at com.nucot.qa.hrm.pagetests.BaseTest.setUp(BaseTest.java:29)
... Removed 29 stack frames]]>
    </failure>
  </testcase> <!-- @BeforeTest setUp -->
  <testcase classname="com.nucot.qa.hrm.pagetests.ProductListPageTest" name="@BeforeClass homePageSetup" time="0.0">
    <skipped/>
  </testcase> <!-- @BeforeClass homePageSetup -->
  <testcase classname="com.nucot.qa.hrm.pagetests.ProductListPageTest" name="@AfterClass closeApp" time="0.0">
    <skipped/>
  </testcase> <!-- @AfterClass closeApp -->
  <testcase classname="com.nucot.qa.hrm.pagetests.HomePageTest" name="@BeforeClass homePageSetup" time="0.0">
    <skipped/>
  </testcase> <!-- @BeforeClass homePageSetup -->
  <testcase classname="com.nucot.qa.hrm.pagetests.HomePageTest" name="@AfterClass closeApp" time="0.0">
    <skipped/>
  </testcase> <!-- @AfterClass closeApp -->
  <testcase classname="com.nucot.qa.hrm.pagetests.BaseTest" name="@AfterTest appClose" time="0.0">
    <skipped/>
  </testcase> <!-- @AfterTest appClose -->
  <testcase classname="com.nucot.qa.hrm.pagetests.ProductListPageTest" name="empInfo" time="0.0">
    <skipped/>
  </testcase> <!-- empInfo -->
  <testcase classname="com.nucot.qa.hrm.pagetests.HomePageTest" name="homePageUrlTest" time="0.0">
    <skipped/>
  </testcase> <!-- homePageUrlTest -->
  <testcase classname="com.nucot.qa.hrm.pagetests.HomePageTest" name="homePageTitleTest" time="0.0">
    <skipped/>
  </testcase> <!-- homePageTitleTest -->
  <testcase classname="com.nucot.qa.hrm.pagetests.HomePageTest" name="systemUserDetailsTest" time="0.0">
    <skipped/>
  </testcase> <!-- systemUserDetailsTest -->
  <testcase classname="com.nucot.qa.hrm.pagetests.LoginPageTest" name="loginPageCurrentUrl" time="0.001">
    <skipped/>
  </testcase> <!-- loginPageCurrentUrl -->
  <testcase classname="com.nucot.qa.hrm.pagetests.LoginPageTest" name="loginPageTitle" time="0.0">
    <skipped/>
  </testcase> <!-- loginPageTitle -->
  <testcase classname="com.nucot.qa.hrm.pagetests.LoginPageTest" name="doLoginPageTest" time="0.0">
    <skipped/>
  </testcase> <!-- doLoginPageTest -->
  <testcase classname="com.nucot.qa.hrm.pagetests.BaseTest" name="@BeforeTest setUp" time="0.0">
    <ignored/>
  </testcase> <!-- @BeforeTest setUp -->
  <testcase classname="com.nucot.qa.hrm.pagetests.BaseTest" name="@BeforeTest setUp" time="0.0">
    <ignored/>
  </testcase> <!-- @BeforeTest setUp -->
  <testcase classname="com.nucot.qa.hrm.pagetests.BaseTest" name="@BeforeTest setUp" time="0.0">
    <ignored/>
  </testcase> <!-- @BeforeTest setUp -->
  <testcase classname="com.nucot.qa.hrm.pagetests.BaseTest" name="@AfterTest appClose" time="0.0">
    <ignored/>
  </testcase> <!-- @AfterTest appClose -->
  <testcase classname="com.nucot.qa.hrm.pagetests.BaseTest" name="@AfterTest appClose" time="0.0">
    <ignored/>
  </testcase> <!-- @AfterTest appClose -->
  <testcase classname="com.nucot.qa.hrm.pagetests.BaseTest" name="@AfterTest appClose" time="0.0">
    <ignored/>
  </testcase> <!-- @AfterTest appClose -->
</testsuite> <!-- Surefire test -->
